#
# There is insufficient memory for the Java Runtime Environment to continue.
# Native memory allocation (mmap) failed to map 18874368 bytes. Error detail: G1 virtual space
# Possible reasons:
#   The system is out of physical RAM or swap space
#   This process is running with CompressedOops enabled, and the Java Heap may be blocking the growth of the native heap
# Possible solutions:
#   Reduce memory load on the system
#   Increase physical memory or swap space
#   Check if swap backing store is full
#   Decrease Java heap size (-Xmx/-Xms)
#   Decrease number of Java threads
#   Decrease Java thread stack sizes (-Xss)
#   Set larger code cache with -XX:ReservedCodeCacheSize=
#   JVM is running with Zero Based Compressed Oops mode in which the Java heap is
#     placed in the first 32GB address space. The Java Heap base address is the
#     maximum limit for the native heap growth. Please use -XX:HeapBaseMinAddress
#     to set the Java Heap base and to place the Java Heap above 32GB virtual address.
# This output file may be truncated or incomplete.
#
#  Out of Memory Error (os_windows.cpp:3815), pid=18572, tid=6776
#
# JRE version: OpenJDK Runtime Environment (21.0.3) (build 21.0.3+-12282718-b509.11)
# Java VM: OpenJDK 64-Bit Server VM (21.0.3+-12282718-b509.11, mixed mode, tiered, compressed oops, compressed class ptrs, g1 gc, windows-amd64)
# No core dump will be written. Minidumps are not enabled by default on client versions of Windows
#

---------------  S U M M A R Y ------------

Command Line: org.jetbrains.kotlin.cli.jvm.K2JVMCompiler @E:\ngoding\dicoding\BasicsCodelab\app\build\20241108_16195506854035530135.compiler.options

Host: Intel(R) Core(TM) i3-7020U CPU @ 2.30GHz, 4 cores, 11G,  Windows 10 , 64 bit Build 19041 (10.0.19041.4957)
Time: Fri Nov  8 04:33:23 2024 Malay Peninsula Standard Time elapsed time: 13.705643 seconds (0d 0h 0m 13s)

---------------  T H R E A D  ---------------

Current thread (0x0000029a7c979650):  VMThread "VM Thread"          [id=6776, stack(0x000000ea37100000,0x000000ea37200000) (1024K)]

Stack: [0x000000ea37100000,0x000000ea37200000]
Native frames: (J=compiled Java code, j=interpreted, Vv=VM code, C=native code)
V  [jvm.dll+0x6cafb9]
V  [jvm.dll+0x858523]
V  [jvm.dll+0x85aa7e]
V  [jvm.dll+0x85b163]
V  [jvm.dll+0x27d356]
V  [jvm.dll+0x6c7865]
V  [jvm.dll+0x6bbd3a]
V  [jvm.dll+0x35199b]
V  [jvm.dll+0x3595d6]
V  [jvm.dll+0x3aa826]
V  [jvm.dll+0x3aaaf8]
V  [jvm.dll+0x3240bc]
V  [jvm.dll+0x324147]
V  [jvm.dll+0x36a00c]
V  [jvm.dll+0x36879e]
V  [jvm.dll+0x3237c1]
V  [jvm.dll+0x367eb0]
V  [jvm.dll+0x860ac8]
V  [jvm.dll+0x861bc4]
V  [jvm.dll+0x862100]
V  [jvm.dll+0x862393]
V  [jvm.dll+0x800d78]
V  [jvm.dll+0x6c98cd]
C  [ucrtbase.dll+0x21bb2]
C  [KERNEL32.DLL+0x17374]
C  [ntdll.dll+0x4cc91]

VM_Operation (0x000000ea36afbf80): G1CollectForAllocation, mode: safepoint, requested by thread 0x0000029a717792e0


---------------  P R O C E S S  ---------------

Threads class SMR info:
_java_thread_list=0x0000029a1545a130, length=11, elements={
0x0000029a717792e0, 0x0000029a7c9ee430, 0x0000029a7cc41dc0, 0x0000029a7cc55de0,
0x0000029a7cc56840, 0x0000029a7cc572a0, 0x0000029a7cc57d00, 0x0000029a7cc2a520,
0x0000029a7cc300e0, 0x0000029a7cdfe840, 0x0000029a7ce028a0
}

Java Threads: ( => current thread )
  0x0000029a717792e0 JavaThread "main"                              [_thread_blocked, id=16592, stack(0x000000ea36a00000,0x000000ea36b00000) (1024K)]
  0x0000029a7c9ee430 JavaThread "Reference Handler"          daemon [_thread_blocked, id=13412, stack(0x000000ea37300000,0x000000ea37400000) (1024K)]
  0x0000029a7cc41dc0 JavaThread "Finalizer"                  daemon [_thread_blocked, id=18640, stack(0x000000ea37400000,0x000000ea37500000) (1024K)]
  0x0000029a7cc55de0 JavaThread "Signal Dispatcher"          daemon [_thread_blocked, id=8000, stack(0x000000ea37500000,0x000000ea37600000) (1024K)]
  0x0000029a7cc56840 JavaThread "Attach Listener"            daemon [_thread_blocked, id=18768, stack(0x000000ea37600000,0x000000ea37700000) (1024K)]
  0x0000029a7cc572a0 JavaThread "Service Thread"             daemon [_thread_blocked, id=19308, stack(0x000000ea37700000,0x000000ea37800000) (1024K)]
  0x0000029a7cc57d00 JavaThread "Monitor Deflation Thread"   daemon [_thread_blocked, id=9476, stack(0x000000ea37800000,0x000000ea37900000) (1024K)]
  0x0000029a7cc2a520 JavaThread "C2 CompilerThread0"         daemon [_thread_blocked, id=7092, stack(0x000000ea37900000,0x000000ea37a00000) (1024K)]
  0x0000029a7cc300e0 JavaThread "C1 CompilerThread0"         daemon [_thread_blocked, id=6584, stack(0x000000ea37a00000,0x000000ea37b00000) (1024K)]
  0x0000029a7cdfe840 JavaThread "Notification Thread"        daemon [_thread_blocked, id=9456, stack(0x000000ea37b00000,0x000000ea37c00000) (1024K)]
  0x0000029a7ce028a0 JavaThread "Common-Cleaner"             daemon [_thread_blocked, id=13684, stack(0x000000ea37c00000,0x000000ea37d00000) (1024K)]
Total: 11

Other Threads:
=>0x0000029a7c979650 VMThread "VM Thread"                           [id=6776, stack(0x000000ea37100000,0x000000ea37200000) (1024K)]
  0x0000029a7c916280 WatcherThread "VM Periodic Task Thread"        [id=6276, stack(0x000000ea37000000,0x000000ea37100000) (1024K)]
  0x0000029a718cd0c0 WorkerThread "GC Thread#0"                     [id=16692, stack(0x000000ea36b00000,0x000000ea36c00000) (1024K)]
  0x0000029a7d3b1820 WorkerThread "GC Thread#1"                     [id=15128, stack(0x000000ea37e00000,0x000000ea37f00000) (1024K)]
  0x0000029a7d154160 WorkerThread "GC Thread#2"                     [id=19032, stack(0x000000ea37f00000,0x000000ea38000000) (1024K)]
  0x0000029a7d331a10 WorkerThread "GC Thread#3"                     [id=6504, stack(0x000000ea38000000,0x000000ea38100000) (1024K)]
  0x0000029a718da6f0 ConcurrentGCThread "G1 Main Marker"            [id=352, stack(0x000000ea36c00000,0x000000ea36d00000) (1024K)]
  0x0000029a718db360 WorkerThread "G1 Conc#0"                       [id=18072, stack(0x000000ea36d00000,0x000000ea36e00000) (1024K)]
  0x0000029a71949980 ConcurrentGCThread "G1 Refine#0"               [id=19292, stack(0x000000ea36e00000,0x000000ea36f00000) (1024K)]
  0x0000029a7194a4f0 ConcurrentGCThread "G1 Service"                [id=1400, stack(0x000000ea36f00000,0x000000ea37000000) (1024K)]
Total: 10

Threads with active compile tasks:
Total: 0

VM state: at safepoint (normal execution)

VM Mutex/Monitor currently owned by a thread:  ([mutex/lock_event])
[0x00007ff8315f20c8] Threads_lock - owner thread: 0x0000029a7c979650
[0x00007ff8315f21c8] Heap_lock - owner thread: 0x0000029a717792e0

Heap address: 0x0000000741c00000, size: 3044 MB, Compressed Oops mode: Zero based, Oop shift amount: 3

CDS archive(s) not mapped
Compressed class space mapped at: 0x0000000800000000-0x0000000840000000, reserved size: 1073741824
Narrow klass base: 0x0000000800000000, Narrow klass shift: 0, Narrow klass range: 0x40000000

GC Precious Log:
 CardTable entry size: 512
 Card Set container configuration: InlinePtr #cards 4 size 8 Array Of Cards #cards 16 size 48 Howl #buckets 8 coarsen threshold 3686 Howl Bitmap #cards 512 size 80 coarsen threshold 460 Card regions per heap region 1 cards per card region 4096
 CPUs: 4 total, 4 available
 Memory: 12171M
 Large Page Support: Disabled
 NUMA Support: Disabled
 Compressed Oops: Enabled (Zero based)
 Heap Region Size: 2M
 Heap Min Capacity: 8M
 Heap Initial Capacity: 192M
 Heap Max Capacity: 3044M
 Pre-touch: Disabled
 Parallel Workers: 4
 Concurrent Workers: 1
 Concurrent Refinement Workers: 4
 Periodic GC: Disabled

Heap:
 garbage-first heap   total 178176K, used 105575K [0x0000000741c00000, 0x0000000800000000)
  region size 2048K, 3 young (6144K), 3 survivors (6144K)
 Metaspace       used 59264K, committed 59584K, reserved 1114112K
  class space    used 6647K, committed 6784K, reserved 1048576K

Heap Regions: E=young(eden), S=young(survivor), O=old, HS=humongous(starts), HC=humongous(continues), CS=collection set, F=free, TAMS=top-at-mark-start, PB=parsable bottom
|   0|0x0000000741c00000, 0x0000000741e00000, 0x0000000741e00000|100%|HS|  |TAMS 0x0000000741e00000| PB 0x0000000741c00000| Complete 
|   1|0x0000000741e00000, 0x0000000742000000, 0x0000000742000000|100%|HC|  |TAMS 0x0000000742000000| PB 0x0000000741e00000| Complete 
|   2|0x0000000742000000, 0x0000000742200000, 0x0000000742200000|100%| O|  |TAMS 0x0000000742200000| PB 0x0000000742000000| Untracked 
|   3|0x0000000742200000, 0x0000000742400000, 0x0000000742400000|100%| O|  |TAMS 0x0000000742400000| PB 0x0000000742200000| Untracked 
|   4|0x0000000742400000, 0x0000000742600000, 0x0000000742600000|100%| O|  |TAMS 0x0000000742600000| PB 0x0000000742400000| Untracked 
|   5|0x0000000742600000, 0x0000000742800000, 0x0000000742800000|100%| O|  |TAMS 0x0000000742800000| PB 0x0000000742600000| Untracked 
|   6|0x0000000742800000, 0x0000000742a00000, 0x0000000742a00000|100%| O|  |TAMS 0x0000000742a00000| PB 0x0000000742800000| Untracked 
|   7|0x0000000742a00000, 0x0000000742c00000, 0x0000000742c00000|100%| O|  |TAMS 0x0000000742c00000| PB 0x0000000742a00000| Untracked 
|   8|0x0000000742c00000, 0x0000000742e00000, 0x0000000742e00000|100%| O|  |TAMS 0x0000000742e00000| PB 0x0000000742c00000| Untracked 
|   9|0x0000000742e00000, 0x0000000743000000, 0x0000000743000000|100%| O|  |TAMS 0x0000000743000000| PB 0x0000000742e00000| Untracked 
|  10|0x0000000743000000, 0x0000000743200000, 0x0000000743200000|100%| O|  |TAMS 0x0000000743200000| PB 0x0000000743000000| Untracked 
|  11|0x0000000743200000, 0x0000000743400000, 0x0000000743400000|100%| O|  |TAMS 0x0000000743400000| PB 0x0000000743200000| Untracked 
|  12|0x0000000743400000, 0x0000000743600000, 0x0000000743600000|100%| O|  |TAMS 0x0000000743600000| PB 0x0000000743400000| Untracked 
|  13|0x0000000743600000, 0x0000000743800000, 0x0000000743800000|100%| O|  |TAMS 0x0000000743800000| PB 0x0000000743600000| Untracked 
|  14|0x0000000743800000, 0x0000000743a00000, 0x0000000743a00000|100%| O|  |TAMS 0x0000000743a00000| PB 0x0000000743800000| Untracked 
|  15|0x0000000743a00000, 0x0000000743c00000, 0x0000000743c00000|100%| O|  |TAMS 0x0000000743c00000| PB 0x0000000743a00000| Untracked 
|  16|0x0000000743c00000, 0x0000000743e00000, 0x0000000743e00000|100%| O|  |TAMS 0x0000000743e00000| PB 0x0000000743c00000| Untracked 
|  17|0x0000000743e00000, 0x0000000744000000, 0x0000000744000000|100%| O|  |TAMS 0x0000000744000000| PB 0x0000000743e00000| Untracked 
|  18|0x0000000744000000, 0x0000000744200000, 0x0000000744200000|100%| O|  |TAMS 0x0000000744200000| PB 0x0000000744000000| Untracked 
|  19|0x0000000744200000, 0x0000000744400000, 0x0000000744400000|100%| O|  |TAMS 0x0000000744400000| PB 0x0000000744200000| Untracked 
|  20|0x0000000744400000, 0x0000000744600000, 0x0000000744600000|100%| O|  |TAMS 0x0000000744600000| PB 0x0000000744400000| Untracked 
|  21|0x0000000744600000, 0x0000000744800000, 0x0000000744800000|100%| O|  |TAMS 0x0000000744800000| PB 0x0000000744600000| Untracked 
|  22|0x0000000744800000, 0x0000000744a00000, 0x0000000744a00000|100%| O|  |TAMS 0x0000000744a00000| PB 0x0000000744800000| Untracked 
|  23|0x0000000744a00000, 0x0000000744c00000, 0x0000000744c00000|100%| O|  |TAMS 0x0000000744c00000| PB 0x0000000744a00000| Untracked 
|  24|0x0000000744c00000, 0x0000000744e00000, 0x0000000744e00000|100%| O|  |TAMS 0x0000000744e00000| PB 0x0000000744c00000| Untracked 
|  25|0x0000000744e00000, 0x0000000745000000, 0x0000000745000000|100%| O|  |TAMS 0x0000000745000000| PB 0x0000000744e00000| Untracked 
|  26|0x0000000745000000, 0x0000000745200000, 0x0000000745200000|100%| O|  |TAMS 0x0000000745200000| PB 0x0000000745000000| Untracked 
|  27|0x0000000745200000, 0x0000000745400000, 0x0000000745400000|100%| O|  |TAMS 0x0000000745400000| PB 0x0000000745200000| Untracked 
|  28|0x0000000745400000, 0x0000000745600000, 0x0000000745600000|100%| O|  |TAMS 0x0000000745600000| PB 0x0000000745400000| Untracked 
|  29|0x0000000745600000, 0x0000000745800000, 0x0000000745800000|100%| O|  |TAMS 0x0000000745600000| PB 0x0000000745600000| Untracked 
|  30|0x0000000745800000, 0x0000000745a00000, 0x0000000745a00000|100%| O|  |TAMS 0x0000000745a00000| PB 0x0000000745800000| Untracked 
|  31|0x0000000745a00000, 0x0000000745c00000, 0x0000000745c00000|100%| O|  |TAMS 0x0000000745c00000| PB 0x0000000745a00000| Untracked 
|  32|0x0000000745c00000, 0x0000000745e00000, 0x0000000745e00000|100%| O|  |TAMS 0x0000000745e00000| PB 0x0000000745c00000| Untracked 
|  33|0x0000000745e00000, 0x0000000746000000, 0x0000000746000000|100%| O|  |TAMS 0x0000000746000000| PB 0x0000000745e00000| Untracked 
|  34|0x0000000746000000, 0x0000000746200000, 0x0000000746200000|100%| O|  |TAMS 0x0000000746200000| PB 0x0000000746000000| Untracked 
|  35|0x0000000746200000, 0x0000000746400000, 0x0000000746400000|100%| O|  |TAMS 0x0000000746400000| PB 0x0000000746200000| Untracked 
|  36|0x0000000746400000, 0x0000000746600000, 0x0000000746600000|100%| O|  |TAMS 0x0000000746600000| PB 0x0000000746400000| Untracked 
|  37|0x0000000746600000, 0x0000000746800000, 0x0000000746800000|100%| O|  |TAMS 0x0000000746800000| PB 0x0000000746600000| Untracked 
|  38|0x0000000746800000, 0x0000000746a00000, 0x0000000746a00000|100%| O|  |TAMS 0x0000000746a00000| PB 0x0000000746800000| Untracked 
|  39|0x0000000746a00000, 0x0000000746c00000, 0x0000000746c00000|100%| O|  |TAMS 0x0000000746c00000| PB 0x0000000746a00000| Untracked 
|  40|0x0000000746c00000, 0x0000000746e00000, 0x0000000746e00000|100%| O|  |TAMS 0x0000000746e00000| PB 0x0000000746c00000| Untracked 
|  41|0x0000000746e00000, 0x0000000747000000, 0x0000000747000000|100%| O|  |TAMS 0x0000000747000000| PB 0x0000000746e00000| Untracked 
|  42|0x0000000747000000, 0x0000000747200000, 0x0000000747200000|100%| O|  |TAMS 0x0000000747200000| PB 0x0000000747000000| Untracked 
|  43|0x0000000747200000, 0x0000000747400000, 0x0000000747400000|100%| O|  |TAMS 0x0000000747400000| PB 0x0000000747200000| Untracked 
|  44|0x0000000747400000, 0x0000000747600000, 0x0000000747600000|100%| O|  |TAMS 0x0000000747600000| PB 0x0000000747400000| Untracked 
|  45|0x0000000747600000, 0x0000000747800000, 0x0000000747800000|100%| O|  |TAMS 0x0000000747800000| PB 0x0000000747600000| Untracked 
|  46|0x0000000747800000, 0x0000000747a00000, 0x0000000747a00000|100%| O|  |TAMS 0x000000074798cc78| PB 0x0000000747800000| Untracked 
|  47|0x0000000747a00000, 0x0000000747c00000, 0x0000000747c00000|100%| O|  |TAMS 0x0000000747a00000| PB 0x0000000747a00000| Untracked 
|  48|0x0000000747c00000, 0x0000000747dfa540, 0x0000000747e00000| 98%| O|  |TAMS 0x0000000747c00000| PB 0x0000000747c00000| Untracked 
|  49|0x0000000747e00000, 0x0000000747e00000, 0x0000000748000000|  0%| F|  |TAMS 0x0000000747e00000| PB 0x0000000747e00000| Untracked 
|  50|0x0000000748000000, 0x0000000748000000, 0x0000000748200000|  0%| F|  |TAMS 0x0000000748000000| PB 0x0000000748000000| Untracked 
|  51|0x0000000748200000, 0x0000000748200000, 0x0000000748400000|  0%| F|  |TAMS 0x0000000748200000| PB 0x0000000748200000| Untracked 
|  52|0x0000000748400000, 0x0000000748400000, 0x0000000748600000|  0%| F|  |TAMS 0x0000000748400000| PB 0x0000000748400000| Untracked 
|  53|0x0000000748600000, 0x0000000748600000, 0x0000000748800000|  0%| F|  |TAMS 0x0000000748600000| PB 0x0000000748600000| Untracked 
|  54|0x0000000748800000, 0x0000000748800000, 0x0000000748a00000|  0%| F|  |TAMS 0x0000000748800000| PB 0x0000000748800000| Untracked 
|  55|0x0000000748a00000, 0x0000000748a00000, 0x0000000748c00000|  0%| F|  |TAMS 0x0000000748a00000| PB 0x0000000748a00000| Untracked 
|  56|0x0000000748c00000, 0x0000000748c00000, 0x0000000748e00000|  0%| F|  |TAMS 0x0000000748c00000| PB 0x0000000748c00000| Untracked 
|  57|0x0000000748e00000, 0x0000000748f1f8f8, 0x0000000749000000| 56%| S|CS|TAMS 0x0000000748e00000| PB 0x0000000748e00000| Complete 
|  58|0x0000000749000000, 0x0000000749200000, 0x0000000749200000|100%| S|CS|TAMS 0x0000000749000000| PB 0x0000000749000000| Complete 
|  59|0x0000000749200000, 0x0000000749400000, 0x0000000749400000|100%| S|CS|TAMS 0x0000000749200000| PB 0x0000000749200000| Complete 
|  60|0x0000000749400000, 0x0000000749400000, 0x0000000749600000|  0%| F|  |TAMS 0x0000000749400000| PB 0x0000000749400000| Untracked 
|  61|0x0000000749600000, 0x0000000749600000, 0x0000000749800000|  0%| F|  |TAMS 0x0000000749600000| PB 0x0000000749600000| Untracked 
|  62|0x0000000749800000, 0x0000000749800000, 0x0000000749a00000|  0%| F|  |TAMS 0x0000000749800000| PB 0x0000000749800000| Untracked 
|  63|0x0000000749a00000, 0x0000000749a00000, 0x0000000749c00000|  0%| F|  |TAMS 0x0000000749a00000| PB 0x0000000749a00000| Untracked 
|  64|0x0000000749c00000, 0x0000000749c00000, 0x0000000749e00000|  0%| F|  |TAMS 0x0000000749c00000| PB 0x0000000749c00000| Untracked 
|  65|0x0000000749e00000, 0x0000000749e00000, 0x000000074a000000|  0%| F|  |TAMS 0x0000000749e00000| PB 0x0000000749e00000| Untracked 
|  66|0x000000074a000000, 0x000000074a000000, 0x000000074a200000|  0%| F|  |TAMS 0x000000074a000000| PB 0x000000074a000000| Untracked 
|  67|0x000000074a200000, 0x000000074a200000, 0x000000074a400000|  0%| F|  |TAMS 0x000000074a200000| PB 0x000000074a200000| Untracked 
|  68|0x000000074a400000, 0x000000074a400000, 0x000000074a600000|  0%| F|  |TAMS 0x000000074a400000| PB 0x000000074a400000| Untracked 
|  69|0x000000074a600000, 0x000000074a600000, 0x000000074a800000|  0%| F|  |TAMS 0x000000074a600000| PB 0x000000074a600000| Untracked 
|  70|0x000000074a800000, 0x000000074a800000, 0x000000074aa00000|  0%| F|  |TAMS 0x000000074a800000| PB 0x000000074a800000| Untracked 
|  71|0x000000074aa00000, 0x000000074aa00000, 0x000000074ac00000|  0%| F|  |TAMS 0x000000074aa00000| PB 0x000000074aa00000| Untracked 
|  72|0x000000074ac00000, 0x000000074ac00000, 0x000000074ae00000|  0%| F|  |TAMS 0x000000074ac00000| PB 0x000000074ac00000| Untracked 
|  73|0x000000074ae00000, 0x000000074ae00000, 0x000000074b000000|  0%| F|  |TAMS 0x000000074ae00000| PB 0x000000074ae00000| Untracked 
|  74|0x000000074b000000, 0x000000074b000000, 0x000000074b200000|  0%| F|  |TAMS 0x000000074b000000| PB 0x000000074b000000| Untracked 
|  75|0x000000074b200000, 0x000000074b200000, 0x000000074b400000|  0%| F|  |TAMS 0x000000074b200000| PB 0x000000074b200000| Untracked 
|  76|0x000000074b400000, 0x000000074b400000, 0x000000074b600000|  0%| F|  |TAMS 0x000000074b400000| PB 0x000000074b400000| Untracked 
|  77|0x000000074b600000, 0x000000074b600000, 0x000000074b800000|  0%| F|  |TAMS 0x000000074b600000| PB 0x000000074b600000| Untracked 
|  78|0x000000074b800000, 0x000000074b800000, 0x000000074ba00000|  0%| F|  |TAMS 0x000000074b800000| PB 0x000000074b800000| Untracked 
|  79|0x000000074ba00000, 0x000000074ba00000, 0x000000074bc00000|  0%| F|  |TAMS 0x000000074ba00000| PB 0x000000074ba00000| Untracked 
|  80|0x000000074bc00000, 0x000000074bc00000, 0x000000074be00000|  0%| F|  |TAMS 0x000000074bc00000| PB 0x000000074bc00000| Untracked 
|  81|0x000000074be00000, 0x000000074be00000, 0x000000074c000000|  0%| F|  |TAMS 0x000000074be00000| PB 0x000000074be00000| Untracked 
|  82|0x000000074c000000, 0x000000074c000000, 0x000000074c200000|  0%| F|  |TAMS 0x000000074c000000| PB 0x000000074c000000| Untracked 
|  83|0x000000074c200000, 0x000000074c200000, 0x000000074c400000|  0%| F|  |TAMS 0x000000074c200000| PB 0x000000074c200000| Untracked 
|  84|0x000000074c400000, 0x000000074c400000, 0x000000074c600000|  0%| F|  |TAMS 0x000000074c400000| PB 0x000000074c400000| Untracked 
|  85|0x000000074c600000, 0x000000074c600000, 0x000000074c800000|  0%| F|  |TAMS 0x000000074c600000| PB 0x000000074c600000| Untracked 
|  95|0x000000074da00000, 0x000000074da00000, 0x000000074dc00000|  0%| F|  |TAMS 0x000000074da00000| PB 0x000000074da00000| Untracked 

Card table byte_map: [0x0000029a76e20000,0x0000029a77420000] _byte_map_base: 0x0000029a73412000

Marking Bits: (CMBitMap*) 0x0000029a718cd7c0
 Bits: [0x0000029a77420000, 0x0000029a7a3b0000)

Polling page: 0x0000029a71950000

Metaspace:

Usage:
  Non-class:     51.38 MB used.
      Class:      6.49 MB used.
       Both:     57.88 MB used.

Virtual space:
  Non-class space:       64.00 MB reserved,      51.56 MB ( 81%) committed,  1 nodes.
      Class space:        1.00 GB reserved,       6.62 MB ( <1%) committed,  1 nodes.
             Both:        1.06 GB reserved,      58.19 MB (  5%) committed. 

Chunk freelists:
   Non-Class:  11.59 MB
       Class:  9.34 MB
        Both:  20.94 MB

MaxMetaspaceSize: unlimited
CompressedClassSpaceSize: 1.00 GB
Initial GC threshold: 21.00 MB
Current GC threshold: 83.69 MB
CDS: off
 - commit_granule_bytes: 65536.
 - commit_granule_words: 8192.
 - virtual_space_node_default_size: 8388608.
 - enlarge_chunks_in_place: 1.
 - use_allocation_guard: 0.


Internal statistics:

num_allocs_failed_limit: 9.
num_arena_births: 290.
num_arena_deaths: 0.
num_vsnodes_births: 2.
num_vsnodes_deaths: 0.
num_space_committed: 930.
num_space_uncommitted: 0.
num_chunks_returned_to_freelist: 9.
num_chunks_taken_from_freelist: 2079.
num_chunk_merges: 9.
num_chunk_splits: 1712.
num_chunks_enlarged: 1536.
num_inconsistent_stats: 0.

CodeHeap 'non-profiled nmethods': size=120000Kb used=3368Kb max_used=3368Kb free=116631Kb
 bounds [0x0000029a07ad0000, 0x0000029a07e20000, 0x0000029a0f000000]
CodeHeap 'profiled nmethods': size=120000Kb used=16130Kb max_used=16130Kb free=103869Kb
 bounds [0x0000029a00000000, 0x0000029a00fd0000, 0x0000029a07530000]
CodeHeap 'non-nmethods': size=5760Kb used=1699Kb max_used=1709Kb free=4060Kb
 bounds [0x0000029a07530000, 0x0000029a077a0000, 0x0000029a07ad0000]
 total_blobs=6299 nmethods=5565 adapters=638
 compilation: enabled
              stopped_count=0, restarted_count=0
 full_count=0

Compilation events (20 events):
Event: 13.573 Thread 0x0000029a7cc300e0 6210       3       org.jetbrains.kotlin.protobuf.CodedOutputStream::computeRawVarint32Size (41 bytes)
Event: 13.573 Thread 0x0000029a7cc300e0 nmethod 6210 0x0000029a00fbcd90 code [0x0000029a00fbcf60, 0x0000029a00fbd1f8]
Event: 13.574 Thread 0x0000029a7cc300e0 6211       3       java.lang.Class::getSimpleName (36 bytes)
Event: 13.575 Thread 0x0000029a7cc300e0 nmethod 6211 0x0000029a00fbd290 code [0x0000029a00fbd460, 0x0000029a00fbd738]
Event: 13.596 Thread 0x0000029a7cc300e0 6212       3       java.lang.invoke.MethodHandle::bindTo (19 bytes)
Event: 13.597 Thread 0x0000029a7cc300e0 nmethod 6212 0x0000029a00fbd890 code [0x0000029a00fbdaa0, 0x0000029a00fbe0f8]
Event: 13.597 Thread 0x0000029a7cc300e0 6216       3       java.lang.invoke.BoundMethodHandle::editor (8 bytes)
Event: 13.597 Thread 0x0000029a7cc300e0 nmethod 6216 0x0000029a00fbe390 code [0x0000029a00fbe560, 0x0000029a00fbe8f8]
Event: 13.597 Thread 0x0000029a7cc300e0 6213       3       java.lang.invoke.MethodType::leadingReferenceParameter (30 bytes)
Event: 13.597 Thread 0x0000029a7cc300e0 nmethod 6213 0x0000029a00fbea90 code [0x0000029a00fbec60, 0x0000029a00fbef58]
Event: 13.597 Thread 0x0000029a7cc300e0 6214       3       java.lang.invoke.MethodHandle::bindArgumentL (10 bytes)
Event: 13.598 Thread 0x0000029a7cc300e0 nmethod 6214 0x0000029a00fbf090 code [0x0000029a00fbf2a0, 0x0000029a00fbf930]
Event: 13.598 Thread 0x0000029a7cc300e0 6215       3       java.lang.invoke.ClassSpecializer$SpeciesData::fieldCount (10 bytes)
Event: 13.598 Thread 0x0000029a7cc300e0 nmethod 6215 0x0000029a00fbfb90 code [0x0000029a00fbfd40, 0x0000029a00fbff20]
Event: 13.602 Thread 0x0000029a7cc2a520 6217       4       sun.net.util.URLUtil::urlNoFragString (143 bytes)
Event: 13.624 Thread 0x0000029a7cc2a520 nmethod 6217 0x0000029a07e18290 code [0x0000029a07e18520, 0x0000029a07e19758]
Event: 13.659 Thread 0x0000029a7cc300e0 6218       3       kotlin.collections.CollectionsKt__CollectionsKt::listOf (22 bytes)
Event: 13.660 Thread 0x0000029a7cc300e0 nmethod 6218 0x0000029a00fc0010 code [0x0000029a00fc0320, 0x0000029a00fc1308]
Event: 13.661 Thread 0x0000029a7cc300e0 6219       3       java.util.Arrays::equals (43 bytes)
Event: 13.661 Thread 0x0000029a7cc300e0 nmethod 6219 0x0000029a00fc1910 code [0x0000029a00fc1ae0, 0x0000029a00fc1dc0]

GC Heap History (20 events):
Event: 8.202 GC heap after
{Heap after GC invocations=13 (full 0):
 garbage-first heap   total 73728K, used 39967K [0x0000000741c00000, 0x0000000800000000)
  region size 2048K, 2 young (4096K), 2 survivors (4096K)
 Metaspace       used 47279K, committed 47552K, reserved 1114112K
  class space    used 5496K, committed 5632K, reserved 1048576K
}
Event: 8.552 GC heap before
{Heap before GC invocations=13 (full 0):
 garbage-first heap   total 73728K, used 56351K [0x0000000741c00000, 0x0000000800000000)
  region size 2048K, 11 young (22528K), 2 survivors (4096K)
 Metaspace       used 48798K, committed 49024K, reserved 1114112K
  class space    used 5670K, committed 5760K, reserved 1048576K
}
Event: 8.565 GC heap after
{Heap after GC invocations=14 (full 0):
 garbage-first heap   total 73728K, used 44834K [0x0000000741c00000, 0x0000000800000000)
  region size 2048K, 2 young (4096K), 2 survivors (4096K)
 Metaspace       used 48798K, committed 49024K, reserved 1114112K
  class space    used 5670K, committed 5760K, reserved 1048576K
}
Event: 8.988 GC heap before
{Heap before GC invocations=15 (full 0):
 garbage-first heap   total 81920K, used 61218K [0x0000000741c00000, 0x0000000800000000)
  region size 2048K, 10 young (20480K), 2 survivors (4096K)
 Metaspace       used 49217K, committed 49472K, reserved 1114112K
  class space    used 5713K, committed 5824K, reserved 1048576K
}
Event: 9.001 GC heap after
{Heap after GC invocations=16 (full 0):
 garbage-first heap   total 81920K, used 49113K [0x0000000741c00000, 0x0000000800000000)
  region size 2048K, 2 young (4096K), 2 survivors (4096K)
 Metaspace       used 49217K, committed 49472K, reserved 1114112K
  class space    used 5713K, committed 5824K, reserved 1048576K
}
Event: 9.306 GC heap before
{Heap before GC invocations=16 (full 0):
 garbage-first heap   total 81920K, used 67545K [0x0000000741c00000, 0x0000000800000000)
  region size 2048K, 11 young (22528K), 2 survivors (4096K)
 Metaspace       used 50169K, committed 50432K, reserved 1114112K
  class space    used 5836K, committed 5952K, reserved 1048576K
}
Event: 9.325 GC heap after
{Heap after GC invocations=17 (full 0):
 garbage-first heap   total 81920K, used 53173K [0x0000000741c00000, 0x0000000800000000)
  region size 2048K, 2 young (4096K), 2 survivors (4096K)
 Metaspace       used 50169K, committed 50432K, reserved 1114112K
  class space    used 5836K, committed 5952K, reserved 1048576K
}
Event: 9.820 GC heap before
{Heap before GC invocations=17 (full 0):
 garbage-first heap   total 81920K, used 69557K [0x0000000741c00000, 0x0000000800000000)
  region size 2048K, 10 young (20480K), 2 survivors (4096K)
 Metaspace       used 50905K, committed 51200K, reserved 1114112K
  class space    used 5931K, committed 6080K, reserved 1048576K
}
Event: 9.837 GC heap after
{Heap after GC invocations=18 (full 0):
 garbage-first heap   total 129024K, used 56499K [0x0000000741c00000, 0x0000000800000000)
  region size 2048K, 2 young (4096K), 2 survivors (4096K)
 Metaspace       used 50905K, committed 51200K, reserved 1114112K
  class space    used 5931K, committed 6080K, reserved 1048576K
}
Event: 10.394 GC heap before
{Heap before GC invocations=19 (full 0):
 garbage-first heap   total 129024K, used 99507K [0x0000000741c00000, 0x0000000800000000)
  region size 2048K, 23 young (47104K), 2 survivors (4096K)
 Metaspace       used 51208K, committed 51520K, reserved 1114112K
  class space    used 5948K, committed 6080K, reserved 1048576K
}
Event: 10.409 GC heap after
{Heap after GC invocations=20 (full 0):
 garbage-first heap   total 129024K, used 67208K [0x0000000741c00000, 0x0000000800000000)
  region size 2048K, 3 young (6144K), 3 survivors (6144K)
 Metaspace       used 51208K, committed 51520K, reserved 1114112K
  class space    used 5948K, committed 6080K, reserved 1048576K
}
Event: 10.579 GC heap before
{Heap before GC invocations=20 (full 0):
 garbage-first heap   total 129024K, used 102024K [0x0000000741c00000, 0x0000000800000000)
  region size 2048K, 20 young (40960K), 3 survivors (6144K)
 Metaspace       used 51208K, committed 51520K, reserved 1114112K
  class space    used 5948K, committed 6080K, reserved 1048576K
}
Event: 10.594 GC heap after
{Heap after GC invocations=21 (full 0):
 garbage-first heap   total 129024K, used 76593K [0x0000000741c00000, 0x0000000800000000)
  region size 2048K, 3 young (6144K), 3 survivors (6144K)
 Metaspace       used 51208K, committed 51520K, reserved 1114112K
  class space    used 5948K, committed 6080K, reserved 1048576K
}
Event: 10.761 GC heap before
{Heap before GC invocations=21 (full 0):
 garbage-first heap   total 129024K, used 107313K [0x0000000741c00000, 0x0000000800000000)
  region size 2048K, 18 young (36864K), 3 survivors (6144K)
 Metaspace       used 51208K, committed 51520K, reserved 1114112K
  class space    used 5948K, committed 6080K, reserved 1048576K
}
Event: 10.770 GC heap after
{Heap after GC invocations=22 (full 0):
 garbage-first heap   total 129024K, used 85144K [0x0000000741c00000, 0x0000000800000000)
  region size 2048K, 3 young (6144K), 3 survivors (6144K)
 Metaspace       used 51208K, committed 51520K, reserved 1114112K
  class space    used 5948K, committed 6080K, reserved 1048576K
}
Event: 11.670 GC heap before
{Heap before GC invocations=23 (full 0):
 garbage-first heap   total 153600K, used 109720K [0x0000000741c00000, 0x0000000800000000)
  region size 2048K, 15 young (30720K), 3 survivors (6144K)
 Metaspace       used 53710K, committed 54016K, reserved 1114112K
  class space    used 6179K, committed 6336K, reserved 1048576K
}
Event: 11.687 GC heap after
{Heap after GC invocations=24 (full 0):
 garbage-first heap   total 153600K, used 92147K [0x0000000741c00000, 0x0000000800000000)
  region size 2048K, 2 young (4096K), 2 survivors (4096K)
 Metaspace       used 53710K, committed 54016K, reserved 1114112K
  class space    used 6179K, committed 6336K, reserved 1048576K
}
Event: 13.000 GC heap before
{Heap before GC invocations=24 (full 0):
 garbage-first heap   total 153600K, used 129011K [0x0000000741c00000, 0x0000000800000000)
  region size 2048K, 20 young (40960K), 2 survivors (4096K)
 Metaspace       used 55106K, committed 55424K, reserved 1114112K
  class space    used 6276K, committed 6400K, reserved 1048576K
}
Event: 13.027 GC heap after
{Heap after GC invocations=25 (full 0):
 garbage-first heap   total 153600K, used 99891K [0x0000000741c00000, 0x0000000800000000)
  region size 2048K, 3 young (6144K), 3 survivors (6144K)
 Metaspace       used 55106K, committed 55424K, reserved 1114112K
  class space    used 6276K, committed 6400K, reserved 1048576K
}
Event: 13.678 GC heap before
{Heap before GC invocations=25 (full 0):
 garbage-first heap   total 153600K, used 130611K [0x0000000741c00000, 0x0000000800000000)
  region size 2048K, 18 young (36864K), 3 survivors (6144K)
 Metaspace       used 59264K, committed 59584K, reserved 1114112K
  class space    used 6647K, committed 6784K, reserved 1048576K
}

Dll operation events (3 events):
Event: 0.015 Loaded shared library C:\Program Files\Android\Android Studio\jbr\bin\java.dll
Event: 0.026 Loaded shared library C:\Program Files\Android\Android Studio\jbr\bin\zip.dll
Event: 2.367 Loaded shared library C:\Program Files\Android\Android Studio\jbr\bin\verify.dll

Deoptimization events (20 events):
Event: 13.571 Thread 0x0000029a717792e0 Uncommon trap: trap_request=0xffffffde fr.pc=0x0000029a07c1c960 relative=0x0000000000000220
Event: 13.571 Thread 0x0000029a717792e0 Uncommon trap: reason=class_check action=maybe_recompile pc=0x0000029a07c1c960 method=org.jetbrains.kotlin.protobuf.CodedOutputStream.refreshBuffer()V @ 28 c2
Event: 13.571 Thread 0x0000029a717792e0 DEOPT PACKING pc=0x0000029a07c1c960 sp=0x000000ea36afe480
Event: 13.571 Thread 0x0000029a717792e0 DEOPT UNPACKING pc=0x0000029a075846a2 sp=0x000000ea36afe3e8 mode 2
Event: 13.571 Thread 0x0000029a717792e0 Uncommon trap: trap_request=0xffffffde fr.pc=0x0000029a07c1c960 relative=0x0000000000000220
Event: 13.571 Thread 0x0000029a717792e0 Uncommon trap: reason=class_check action=maybe_recompile pc=0x0000029a07c1c960 method=org.jetbrains.kotlin.protobuf.CodedOutputStream.refreshBuffer()V @ 28 c2
Event: 13.571 Thread 0x0000029a717792e0 DEOPT PACKING pc=0x0000029a07c1c960 sp=0x000000ea36afe480
Event: 13.571 Thread 0x0000029a717792e0 DEOPT UNPACKING pc=0x0000029a075846a2 sp=0x000000ea36afe3e8 mode 2
Event: 13.571 Thread 0x0000029a717792e0 Uncommon trap: trap_request=0xffffffde fr.pc=0x0000029a07c1c960 relative=0x0000000000000220
Event: 13.571 Thread 0x0000029a717792e0 Uncommon trap: reason=class_check action=maybe_recompile pc=0x0000029a07c1c960 method=org.jetbrains.kotlin.protobuf.CodedOutputStream.refreshBuffer()V @ 28 c2
Event: 13.571 Thread 0x0000029a717792e0 DEOPT PACKING pc=0x0000029a07c1c960 sp=0x000000ea36afe480
Event: 13.571 Thread 0x0000029a717792e0 DEOPT UNPACKING pc=0x0000029a075846a2 sp=0x000000ea36afe3e8 mode 2
Event: 13.571 Thread 0x0000029a717792e0 Uncommon trap: trap_request=0xffffffde fr.pc=0x0000029a07c1c960 relative=0x0000000000000220
Event: 13.571 Thread 0x0000029a717792e0 Uncommon trap: reason=class_check action=maybe_recompile pc=0x0000029a07c1c960 method=org.jetbrains.kotlin.protobuf.CodedOutputStream.refreshBuffer()V @ 28 c2
Event: 13.571 Thread 0x0000029a717792e0 DEOPT PACKING pc=0x0000029a07c1c960 sp=0x000000ea36afe480
Event: 13.571 Thread 0x0000029a717792e0 DEOPT UNPACKING pc=0x0000029a075846a2 sp=0x000000ea36afe3e8 mode 2
Event: 13.572 Thread 0x0000029a717792e0 Uncommon trap: trap_request=0xffffffde fr.pc=0x0000029a07c1d060 relative=0x0000000000000220
Event: 13.572 Thread 0x0000029a717792e0 Uncommon trap: reason=class_check action=maybe_recompile pc=0x0000029a07c1d060 method=org.jetbrains.kotlin.protobuf.CodedOutputStream.refreshBuffer()V @ 28 c2
Event: 13.572 Thread 0x0000029a717792e0 DEOPT PACKING pc=0x0000029a07c1d060 sp=0x000000ea36afe420
Event: 13.572 Thread 0x0000029a717792e0 DEOPT UNPACKING pc=0x0000029a075846a2 sp=0x000000ea36afe3e8 mode 2

Classes loaded (20 events):
Event: 11.557 Loading class java/text/MessageFormat
Event: 11.559 Loading class java/text/Format
Event: 11.559 Loading class java/text/Format done
Event: 11.559 Loading class java/text/MessageFormat done
Event: 11.559 Loading class java/util/Locale$Category
Event: 11.559 Loading class java/util/Locale$Category done
Event: 11.641 Loading class java/text/ChoiceFormat
Event: 11.641 Loading class java/text/NumberFormat
Event: 11.642 Loading class java/text/NumberFormat done
Event: 11.642 Loading class java/text/ChoiceFormat done
Event: 11.694 Loading class java/util/RegularEnumSet$EnumSetIterator
Event: 11.694 Loading class java/util/RegularEnumSet$EnumSetIterator done
Event: 11.782 Loading class java/util/EnumMap$EntrySet
Event: 11.783 Loading class java/util/EnumMap$EntrySet done
Event: 11.783 Loading class java/util/EnumMap$EntryIterator
Event: 11.783 Loading class java/util/EnumMap$EnumMapIterator
Event: 11.783 Loading class java/util/EnumMap$EnumMapIterator done
Event: 11.783 Loading class java/util/EnumMap$EntryIterator done
Event: 11.784 Loading class java/util/EnumMap$EntryIterator$Entry
Event: 11.784 Loading class java/util/EnumMap$EntryIterator$Entry done

Classes unloaded (0 events):
No events

Classes redefined (0 events):
No events

Internal exceptions (20 events):
Event: 8.064 Thread 0x0000029a717792e0 Exception <a 'java/lang/NoSuchMethodError'{0x00000007450bda88}: 'java.lang.Object java.lang.invoke.DirectMethodHandle$Holder.invokeStaticInit(java.lang.Object, java.lang.Object, java.lang.Object, java.lang.Object)'> (0x00000007450bda88) 
thrown [s\src\hotspot\share\interpreter\linkResolver.cpp, line 784]
Event: 8.215 Thread 0x0000029a717792e0 Exception <a 'java/lang/NoSuchMethodError'{0x000000074daaa5d0}: 'java.lang.Object java.lang.invoke.DirectMethodHandle$Holder.newInvokeSpecial(java.lang.Object, java.lang.Object, java.lang.Object, java.lang.Object, java.lang.Object, java.lang.Object)'> (0x000000074daaa5d0) 
thrown [s\src\hotspot\share\interpreter\linkResolver.cpp, line 784]
Event: 8.426 Thread 0x0000029a717792e0 Exception <a 'java/lang/NoSuchMethodError'{0x0000000745ad1050}: 'java.lang.Object java.lang.invoke.DirectMethodHandle$Holder.newInvokeSpecial(java.lang.Object, java.lang.Object, java.lang.Object, java.lang.Object, int)'> (0x0000000745ad1050) 
thrown [s\src\hotspot\share\interpreter\linkResolver.cpp, line 784]
Event: 8.426 Thread 0x0000029a717792e0 Exception <a 'java/lang/NoSuchMethodError'{0x0000000745ad53a8}: 'java.lang.Object java.lang.invoke.DirectMethodHandle$Holder.invokeSpecial(java.lang.Object, java.lang.Object, java.lang.Object, java.lang.Object, java.lang.Object, int)'> (0x0000000745ad53a8) 
thrown [s\src\hotspot\share\interpreter\linkResolver.cpp, line 784]
Event: 8.427 Thread 0x0000029a717792e0 Exception <a 'java/lang/NoSuchMethodError'{0x0000000745ad90c8}: 'java.lang.Object java.lang.invoke.Invokers$Holder.linkToTargetMethod(java.lang.Object, java.lang.Object, java.lang.Object, int, java.lang.Object)'> (0x0000000745ad90c8) 
thrown [s\src\hotspot\share\interpreter\linkResolver.cpp, line 784]
Event: 8.457 Thread 0x0000029a717792e0 Exception <a 'java/lang/NoSuchMethodError'{0x0000000745b22c90}: 'java.lang.Object java.lang.invoke.DirectMethodHandle$Holder.newInvokeSpecial(java.lang.Object, java.lang.Object, java.lang.Object, java.lang.Object, int, java.lang.Object, java.lang.Object)'> (0x0000000745b22c90) 
thrown [s\src\hotspot\share\interpreter\linkResolver.cpp, line 784]
Event: 9.048 Thread 0x0000029a717792e0 Exception <a 'java/lang/NoSuchMethodError'{0x000000074dbe3878}: 'java.lang.Object java.lang.invoke.DirectMethodHandle$Holder.newInvokeSpecial(java.lang.Object, java.lang.Object, java.lang.Object, java.lang.Object, java.lang.Object, java.lang.Object, java.lang.Object, java.lang.Object, java.lang.Object)'> (0x000000074dbe3878) 
thrown [s\src\hotspot\share\interpreter\linkResolver.cpp, line 784]
Event: 9.052 Thread 0x0000029a717792e0 Exception <a 'java/lang/NoSuchMethodError'{0x000000074dbf7690}: 'java.lang.Object java.lang.invoke.DirectMethodHandle$Holder.newInvokeSpecial(java.lang.Object, java.lang.Object, java.lang.Object, int)'> (0x000000074dbf7690) 
thrown [s\src\hotspot\share\interpreter\linkResolver.cpp, line 784]
Event: 9.053 Thread 0x0000029a717792e0 Exception <a 'java/lang/NoSuchMethodError'{0x000000074dbfb6b8}: 'java.lang.Object java.lang.invoke.DirectMethodHandle$Holder.invokeSpecial(java.lang.Object, java.lang.Object, java.lang.Object, java.lang.Object, int)'> (0x000000074dbfb6b8) 
thrown [s\src\hotspot\share\interpreter\linkResolver.cpp, line 784]
Event: 9.053 Thread 0x0000029a717792e0 Exception <a 'java/lang/NoSuchMethodError'{0x000000074dbfedf0}: 'java.lang.Object java.lang.invoke.Invokers$Holder.linkToTargetMethod(java.lang.Object, java.lang.Object, int, java.lang.Object)'> (0x000000074dbfedf0) 
thrown [s\src\hotspot\share\interpreter\linkResolver.cpp, line 784]
Event: 9.057 Thread 0x0000029a717792e0 Exception <a 'java/lang/NoSuchMethodError'{0x000000074c60e430}: 'java.lang.Object java.lang.invoke.DirectMethodHandle$Holder.newInvokeSpecial(java.lang.Object, int, java.lang.Object)'> (0x000000074c60e430) 
thrown [s\src\hotspot\share\interpreter\linkResolver.cpp, line 784]
Event: 9.072 Thread 0x0000029a717792e0 Exception <a 'java/lang/NoSuchMethodError'{0x000000074c66c5f0}: 'java.lang.Object java.lang.invoke.DirectMethodHandle$Holder.invokeStatic(java.lang.Object, int, java.lang.Object, java.lang.Object)'> (0x000000074c66c5f0) 
thrown [s\src\hotspot\share\interpreter\linkResolver.cpp, line 784]
Event: 9.362 Thread 0x0000029a717792e0 Exception <a 'java/lang/NoSuchMethodError'{0x000000074db14748}: 'java.lang.Object java.lang.invoke.DirectMethodHandle$Holder.invokeStatic(java.lang.Object, java.lang.Object, java.lang.Object, int, int, java.lang.Object)'> (0x000000074db14748) 
thrown [s\src\hotspot\share\interpreter\linkResolver.cpp, line 784]
Event: 9.363 Thread 0x0000029a717792e0 Exception <a 'java/lang/NoSuchMethodError'{0x000000074db1cee0}: 'java.lang.Object java.lang.invoke.DirectMethodHandle$Holder.newInvokeSpecial(java.lang.Object, java.lang.Object, java.lang.Object, int, int)'> (0x000000074db1cee0) 
thrown [s\src\hotspot\share\interpreter\linkResolver.cpp, line 784]
Event: 9.364 Thread 0x0000029a717792e0 Exception <a 'java/lang/NoSuchMethodError'{0x000000074db20d40}: 'java.lang.Object java.lang.invoke.DirectMethodHandle$Holder.invokeSpecial(java.lang.Object, java.lang.Object, java.lang.Object, java.lang.Object, int, int)'> (0x000000074db20d40) 
thrown [s\src\hotspot\share\interpreter\linkResolver.cpp, line 784]
Event: 9.420 Thread 0x0000029a717792e0 Exception <a 'java/lang/NoSuchMethodError'{0x000000074c6754b0}: 'java.lang.Object java.lang.invoke.DirectMethodHandle$Holder.invokeStatic(java.lang.Object, java.lang.Object, java.lang.Object, int, java.lang.Object, java.lang.Object)'> (0x000000074c6754b0) 
thrown [s\src\hotspot\share\interpreter\linkResolver.cpp, line 784]
Event: 12.400 Thread 0x0000029a717792e0 Exception <a 'java/lang/NoSuchMethodError'{0x000000074a37d7c8}: 'java.lang.Object java.lang.invoke.DirectMethodHandle$Holder.invokeSpecial(java.lang.Object, java.lang.Object, java.lang.Object, int, java.lang.Object, java.lang.Object, java.lang.Object)'> (0x000000074a37d7c8) 
thrown [s\src\hotspot\share\interpreter\linkResolver.cpp, line 784]
Event: 12.400 Thread 0x0000029a717792e0 Exception <a 'java/lang/NoSuchMethodError'{0x000000074a381128}: 'java.lang.Object java.lang.invoke.Invokers$Holder.linkToTargetMethod(java.lang.Object, int, java.lang.Object, java.lang.Object, java.lang.Object, java.lang.Object)'> (0x000000074a381128) 
thrown [s\src\hotspot\share\interpreter\linkResolver.cpp, line 784]
Event: 13.530 Thread 0x0000029a717792e0 Implicit null exception at 0x0000029a07b191a0 to 0x0000029a07b19788
Event: 13.533 Thread 0x0000029a717792e0 Implicit null exception at 0x0000029a07afe8a0 to 0x0000029a07afee78

ZGC Phase Switch (0 events):
No events

VM Operations (20 events):
Event: 12.250 Executing VM operation: ICBufferFull done
Event: 12.344 Executing VM operation: HandshakeAllThreads (Deoptimize)
Event: 12.344 Executing VM operation: HandshakeAllThreads (Deoptimize) done
Event: 12.584 Executing VM operation: ICBufferFull
Event: 12.584 Executing VM operation: ICBufferFull done
Event: 12.988 Executing VM operation: ICBufferFull
Event: 12.988 Executing VM operation: ICBufferFull done
Event: 13.000 Executing VM operation: G1CollectForAllocation (G1 Evacuation Pause)
Event: 13.027 Executing VM operation: G1CollectForAllocation (G1 Evacuation Pause) done
Event: 13.309 Executing VM operation: HandshakeAllThreads (Deoptimize)
Event: 13.309 Executing VM operation: HandshakeAllThreads (Deoptimize) done
Event: 13.379 Executing VM operation: HandshakeAllThreads (Deoptimize)
Event: 13.379 Executing VM operation: HandshakeAllThreads (Deoptimize) done
Event: 13.515 Executing VM operation: HandshakeAllThreads (Deoptimize)
Event: 13.515 Executing VM operation: HandshakeAllThreads (Deoptimize) done
Event: 13.550 Executing VM operation: HandshakeAllThreads (Deoptimize)
Event: 13.550 Executing VM operation: HandshakeAllThreads (Deoptimize) done
Event: 13.551 Executing VM operation: HandshakeAllThreads (Deoptimize)
Event: 13.551 Executing VM operation: HandshakeAllThreads (Deoptimize) done
Event: 13.677 Executing VM operation: G1CollectForAllocation (G1 Evacuation Pause)

Events (20 events):
Event: 10.981 Thread 0x0000029a7c979650 flushing nmethod 0x0000029a000ac990
Event: 10.981 Thread 0x0000029a7c979650 flushing nmethod 0x0000029a000aa190
Event: 10.981 Thread 0x0000029a7c979650 flushing nmethod 0x0000029a000a9c90
Event: 10.981 Thread 0x0000029a7c979650 flushing nmethod 0x0000029a000b4390
Event: 10.981 Thread 0x0000029a7c979650 flushing nmethod 0x0000029a0009d710
Event: 10.981 Thread 0x0000029a7c979650 flushing nmethod 0x0000029a000a1e10
Event: 10.981 Thread 0x0000029a7c979650 flushing nmethod 0x0000029a0006a490
Event: 10.981 Thread 0x0000029a7c979650 flushing nmethod 0x0000029a0005cc90
Event: 10.981 Thread 0x0000029a7c979650 flushing nmethod 0x0000029a00004210
Event: 10.981 Thread 0x0000029a7c979650 flushing nmethod 0x0000029a0000be10
Event: 10.981 Thread 0x0000029a7c979650 flushing nmethod 0x0000029a07ce6d10
Event: 10.981 Thread 0x0000029a7c979650 flushing nmethod 0x0000029a07cf0a10
Event: 10.981 Thread 0x0000029a7c979650 flushing nmethod 0x0000029a07ca3b90
Event: 10.981 Thread 0x0000029a7c979650 flushing nmethod 0x0000029a07c46290
Event: 10.981 Thread 0x0000029a7c979650 flushing nmethod 0x0000029a07c8db90
Event: 10.981 Thread 0x0000029a7c979650 flushing nmethod 0x0000029a07c52e90
Event: 10.981 Thread 0x0000029a7c979650 flushing nmethod 0x0000029a07c31110
Event: 10.981 Thread 0x0000029a7c979650 flushing nmethod 0x0000029a07bf4710
Event: 10.981 Thread 0x0000029a7c979650 flushing nmethod 0x0000029a07bf1910
Event: 13.659 Thread 0x0000029a7e2547c0 Thread exited: 0x0000029a7e2547c0


Dynamic libraries:
0x00007ff7f30b0000 - 0x00007ff7f30ba000 	C:\Program Files\Android\Android Studio\jbr\bin\java.exe
0x00007ff8801b0000 - 0x00007ff8803a8000 	C:\Windows\SYSTEM32\ntdll.dll
0x00007ff87fc30000 - 0x00007ff87fcf2000 	C:\Windows\System32\KERNEL32.DLL
0x00007ff87d8e0000 - 0x00007ff87dbde000 	C:\Windows\System32\KERNELBASE.dll
0x00007ff87dbe0000 - 0x00007ff87dce0000 	C:\Windows\System32\ucrtbase.dll
0x00007ff876da0000 - 0x00007ff876db8000 	C:\Program Files\Android\Android Studio\jbr\bin\jli.dll
0x00007ff879db0000 - 0x00007ff879dcb000 	C:\Program Files\Android\Android Studio\jbr\bin\VCRUNTIME140.dll
0x00007ff87e4d0000 - 0x00007ff87e66d000 	C:\Windows\System32\USER32.dll
0x00007ff87e170000 - 0x00007ff87e192000 	C:\Windows\System32\win32u.dll
0x00007ff87f0a0000 - 0x00007ff87f0cb000 	C:\Windows\System32\GDI32.dll
0x00007ff87dce0000 - 0x00007ff87ddf7000 	C:\Windows\System32\gdi32full.dll
0x00007ff87de70000 - 0x00007ff87df0d000 	C:\Windows\System32\msvcp_win.dll
0x00007ff864d40000 - 0x00007ff864fda000 	C:\Windows\WinSxS\amd64_microsoft.windows.common-controls_6595b64144ccf1df_6.0.19041.4355_none_60b8b9eb71f62e16\COMCTL32.dll
0x00007ff87eb90000 - 0x00007ff87ec2e000 	C:\Windows\System32\msvcrt.dll
0x00007ff87e880000 - 0x00007ff87e8af000 	C:\Windows\System32\IMM32.DLL
0x00007ff879e20000 - 0x00007ff879e2c000 	C:\Program Files\Android\Android Studio\jbr\bin\vcruntime140_1.dll
0x00007ff84c190000 - 0x00007ff84c21d000 	C:\Program Files\Android\Android Studio\jbr\bin\msvcp140.dll
0x00007ff830a50000 - 0x00007ff8316cd000 	C:\Program Files\Android\Android Studio\jbr\bin\server\jvm.dll
0x00007ff87e670000 - 0x00007ff87e722000 	C:\Windows\System32\ADVAPI32.dll
0x00007ff87fb90000 - 0x00007ff87fc30000 	C:\Windows\System32\sechost.dll
0x00007ff87f0d0000 - 0x00007ff87f1f3000 	C:\Windows\System32\RPCRT4.dll
0x00007ff87e1a0000 - 0x00007ff87e1c7000 	C:\Windows\System32\bcrypt.dll
0x00007ff87eac0000 - 0x00007ff87eb2b000 	C:\Windows\System32\WS2_32.dll
0x00007ff87d6b0000 - 0x00007ff87d6fb000 	C:\Windows\SYSTEM32\POWRPROF.dll
0x00007ff864820000 - 0x00007ff864847000 	C:\Windows\SYSTEM32\WINMM.dll
0x00007ff8777d0000 - 0x00007ff8777da000 	C:\Windows\SYSTEM32\VERSION.dll
0x00007ff87d690000 - 0x00007ff87d6a2000 	C:\Windows\SYSTEM32\UMPDC.dll
0x00007ff87c070000 - 0x00007ff87c082000 	C:\Windows\SYSTEM32\kernel.appcore.dll
0x00007ff879da0000 - 0x00007ff879daa000 	C:\Program Files\Android\Android Studio\jbr\bin\jimage.dll
0x00007ff87b5d0000 - 0x00007ff87b7b4000 	C:\Windows\SYSTEM32\DBGHELP.DLL
0x00007ff876020000 - 0x00007ff876054000 	C:\Windows\SYSTEM32\dbgcore.DLL
0x00007ff87d850000 - 0x00007ff87d8d2000 	C:\Windows\System32\bcryptPrimitives.dll
0x00007ff8762c0000 - 0x00007ff8762df000 	C:\Program Files\Android\Android Studio\jbr\bin\java.dll
0x00007ff875340000 - 0x00007ff875358000 	C:\Program Files\Android\Android Studio\jbr\bin\zip.dll
0x00007ff87f270000 - 0x00007ff87f9df000 	C:\Windows\System32\SHELL32.dll
0x00007ff87b8b0000 - 0x00007ff87c054000 	C:\Windows\SYSTEM32\windows.storage.dll
0x00007ff87fd60000 - 0x00007ff8800b3000 	C:\Windows\System32\combase.dll
0x00007ff87d1b0000 - 0x00007ff87d1de000 	C:\Windows\SYSTEM32\Wldp.dll
0x00007ff87e1d0000 - 0x00007ff87e29d000 	C:\Windows\System32\OLEAUT32.dll
0x00007ff8800c0000 - 0x00007ff88016d000 	C:\Windows\System32\SHCORE.dll
0x00007ff87fd00000 - 0x00007ff87fd55000 	C:\Windows\System32\shlwapi.dll
0x00007ff87d780000 - 0x00007ff87d7a4000 	C:\Windows\SYSTEM32\profapi.dll
0x00007ff879fc0000 - 0x00007ff879fd0000 	C:\Program Files\Android\Android Studio\jbr\bin\net.dll
0x00007ff876f60000 - 0x00007ff87706d000 	C:\Windows\SYSTEM32\WINHTTP.dll
0x00007ff87cf10000 - 0x00007ff87cf7a000 	C:\Windows\system32\mswsock.dll
0x00007ff872fd0000 - 0x00007ff872fe6000 	C:\Program Files\Android\Android Studio\jbr\bin\nio.dll
0x00007ff871b00000 - 0x00007ff871b10000 	C:\Program Files\Android\Android Studio\jbr\bin\verify.dll

dbghelp: loaded successfully - version: 4.0.5 - missing functions: none
symbol engine: initialized successfully - sym options: 0x614 - pdb path: .;C:\Program Files\Android\Android Studio\jbr\bin;C:\Windows\SYSTEM32;C:\Windows\WinSxS\amd64_microsoft.windows.common-controls_6595b64144ccf1df_6.0.19041.4355_none_60b8b9eb71f62e16;C:\Program Files\Android\Android Studio\jbr\bin\server

VM Arguments:
java_command: org.jetbrains.kotlin.cli.jvm.K2JVMCompiler @E:\ngoding\dicoding\BasicsCodelab\app\build\20241108_16195506854035530135.compiler.options
java_class_path (initial): C:\Users\ASUS\.gradle\caches\modules-2\files-2.1\org.jetbrains.kotlin\kotlin-compiler-embeddable\2.0.0\1de310de3446414381282ffc46c3ed3919a4d1da\kotlin-compiler-embeddable-2.0.0.jar;C:\Users\ASUS\.gradle\caches\modules-2\files-2.1\org.jetbrains.kotlin\kotlin-stdlib\2.0.0\b48df2c4aede9586cc931ead433bc02d6fd7879e\kotlin-stdlib-2.0.0.jar;C:\Users\ASUS\.gradle\caches\modules-2\files-2.1\org.jetbrains.kotlin\kotlin-script-runtime\2.0.0\fdc27dd047d592fa41d2dfa21e7621287a361612\kotlin-script-runtime-2.0.0.jar;C:\Users\ASUS\.gradle\caches\modules-2\files-2.1\org.jetbrains.kotlin\kotlin-reflect\1.6.10\1cbe9c92c12a94eea200d23c2bbaedaf3daf5132\kotlin-reflect-1.6.10.jar;C:\Users\ASUS\.gradle\caches\modules-2\files-2.1\org.jetbrains.kotlin\kotlin-daemon-embeddable\2.0.0\b39c612768614c4428c96ee9c65477181fffe9d\kotlin-daemon-embeddable-2.0.0.jar;C:\Users\ASUS\.gradle\caches\modules-2\files-2.1\org.jetbrains.intellij.deps\trove4j\1.0.20200330\3afb14d5f9ceb459d724e907a21145e8ff394f02\trove4j-1.0.20200330.jar;C:\Users\ASUS\.gradle\caches\modules-2\files-2.1\org.jetbrains\annotations\13.0\919f0dfe192fb4e063e7dacadee7f8bb9a2672a9\annotations-13.0.jar
Launcher Type: SUN_STANDARD

[Global flags]
     intx CICompilerCount                          = 3                                         {product} {ergonomic}
     uint ConcGCThreads                            = 1                                         {product} {ergonomic}
     uint G1ConcRefinementThreads                  = 4                                         {product} {ergonomic}
   size_t G1HeapRegionSize                         = 2097152                                   {product} {ergonomic}
    uintx GCDrainStackTargetSize                   = 64                                        {product} {ergonomic}
   size_t InitialHeapSize                          = 201326592                                 {product} {ergonomic}
   size_t MarkStackSize                            = 4194304                                   {product} {ergonomic}
   size_t MaxHeapSize                              = 3191865344                                {product} {ergonomic}
   size_t MaxNewSize                               = 1914699776                                {product} {ergonomic}
   size_t MinHeapDeltaBytes                        = 2097152                                   {product} {ergonomic}
   size_t MinHeapSize                              = 8388608                                   {product} {ergonomic}
    uintx NonNMethodCodeHeapSize                   = 5832780                                {pd product} {ergonomic}
    uintx NonProfiledCodeHeapSize                  = 122912730                              {pd product} {ergonomic}
    uintx ProfiledCodeHeapSize                     = 122912730                              {pd product} {ergonomic}
    uintx ReservedCodeCacheSize                    = 251658240                              {pd product} {ergonomic}
     bool SegmentedCodeCache                       = true                                      {product} {ergonomic}
   size_t SoftMaxHeapSize                          = 3191865344                             {manageable} {ergonomic}
     bool UseCompressedOops                        = true                           {product lp64_product} {ergonomic}
     bool UseG1GC                                  = true                                      {product} {ergonomic}
     bool UseLargePagesIndividualAllocation        = false                                  {pd product} {ergonomic}

Logging:
Log output configuration:
 #0: stdout all=warning uptime,level,tags foldmultilines=false
 #1: stderr all=off uptime,level,tags foldmultilines=false

Environment Variables:
JAVA_HOME=C:\Program Files\Zulu\zulu-17\
PATH=C:\Program Files\Zulu\zulu-17\bin\;C:\Windows\system32;C:\Windows;C:\Windows\System32\Wbem;C:\Windows\System32\WindowsPowerShell\v1.0\;C:\Windows\System32\OpenSSH\;C:\Program Files\Git\cmd;C:\gradle-8.4\bin;C:\laragon\bin;C:\laragon\bin\apache\httpd-2.4.54-win64-VS16\bin;C:\laragon\bin\composer;C:\laragon\bin\git\bin;C:\laragon\bin\git\cmd;C:\laragon\bin\git\mingw64\bin;C:\laragon\bin\git\usr\bin;C:\laragon\bin\laragon\utils;C:\laragon\bin\mysql\mysql-8.0.30-winx64\bin;C:\laragon\bin\nginx\nginx-1.22.0;C:\laragon\bin\ngrok;C:\laragon\bin\notepad++;C:\laragon\bin\python\python-3.10;C:\laragon\bin\python\python-3.10\Scripts;C:\laragon\bin\redis\redis-x64-5.0.14.1;C:\laragon\bin\telnet;C:\laragon\usr\bin;C:\Users\ASUS\AppData\Local\Yarn\config\global\node_modules\.bin;C:\Users\ASUS\AppData\Roaming\Composer\vendor\bin;C:\Users\ASUS\AppData\Local\Microsoft\WindowsApps;C:\Users\ASUS\AppData\Local\Programs\Microsoft VS Code\bin;C:\Users\ASUS\flutter\bin;C:\Users\ASUS\AppData\Local\Pub\Cache\bin;C:\laragon\bin\php\php-8.3.7-Win32-vs16-x64;C:\Program Files\JetBrains\IntelliJ IDEA Community Edition 2024.1.4\bin;;C:\gradle\gradle-8.7\bin;C:\Users\ASUS\flutter\bin;
USERNAME=ASUS
OS=Windows_NT
PROCESSOR_IDENTIFIER=Intel64 Family 6 Model 142 Stepping 9, GenuineIntel
TMP=C:\Users\ASUS\AppData\Local\Temp
TEMP=C:\Users\ASUS\AppData\Local\Temp




Periodic native trim disabled

JNI global refs:
JNI global refs: 7, weak refs: 0

JNI global refs memory usage: 835, weak refs: 201

Process memory usage:
Resident Set Size: 354512K (2% of 12463188K total physical memory with 390968K free physical memory)

OOME stack traces (most recent first):
Classloader memory used:
Loader jdk.internal.loader.ClassLoaders$AppClassLoader                                 : 48063K
Loader bootstrap                                                                       : 10935K
Loader java.net.URLClassLoader                                                         : 266K

---------------  S Y S T E M  ---------------

OS:
 Windows 10 , 64 bit Build 19041 (10.0.19041.4957)
OS uptime: 8 days 3:34 hours

CPU: total 4 (initial active 4) (2 cores per cpu, 2 threads per core) family 6 model 142 stepping 9 microcode 0xb4, cx8, cmov, fxsr, ht, mmx, 3dnowpref, sse, sse2, sse3, ssse3, sse4.1, sse4.2, popcnt, lzcnt, tsc, tscinvbit, avx, avx2, aes, erms, clmul, bmi1, bmi2, adx, fma, vzeroupper, clflush, clflushopt, rdtscp, f16c
Processor Information for all 4 processors :
  Max Mhz: 2304, Current Mhz: 2304, Mhz Limit: 2304

Memory: 4k page, system-wide physical 12171M (381M free)
TotalPageFile size 16260M (AvailPageFile size 9M)
current process WorkingSet (physical memory assigned to process): 346M, peak: 346M
current process commit charge ("private bytes"): 375M, peak: 394M

vm_info: OpenJDK 64-Bit Server VM (21.0.3+-12282718-b509.11) for windows-amd64 JRE (21.0.3+-12282718-b509.11), built on 2024-08-27T17:34:15Z by "builder" with MS VC++ 16.10 / 16.11 (VS2019)

END.
